<?xml version="1.0" encoding="UTF-8"?>
<testng-results ignored="0" total="1" passed="1" failed="0" skipped="0">
  <reporter-output>
  </reporter-output>
  <suite started-at="2023-04-27T12:32:54 IST" name="Default suite" finished-at="2023-04-27T12:33:04 IST" duration-ms="9188">
    <groups>
    </groups>
    <test started-at="2023-04-27T12:32:54 IST" name="Default test" finished-at="2023-04-27T12:33:04 IST" duration-ms="9188">
      <class name="com.test.demo.combine">
        <test-method is-config="true" signature="loadConfig()[pri:0, instance:com.test.demo.combine@6d4e5011]" started-at="2023-04-27T12:32:54 IST" name="loadConfig" finished-at="2023-04-27T12:32:54 IST" duration-ms="26" status="PASS">
          <reporter-output>
          </reporter-output>
        </test-method> <!-- loadConfig -->
        <test-method signature="setup()[pri:0, instance:com.test.demo.combine@6d4e5011]" started-at="2023-04-27T12:32:54 IST" name="setup" finished-at="2023-04-27T12:33:04 IST" duration-ms="9135" status="PASS">
          <reporter-output>
          </reporter-output>
        </test-method> <!-- setup -->
      </class> <!-- com.test.demo.combine -->
    </test> <!-- Default test -->
  </suite> <!-- Default suite -->
</testng-results>
